TN:
SF:/Users/kjonnala/Documents/Practice/ang5/ang-map/src/polyfills.ts
FNF:0
FNH:0
DA:46,1
DA:74,1
LF:2
LH:2
BRF:0
BRH:0
end_of_record
TN:
SF:/Users/kjonnala/Documents/Practice/ang5/ang-map/src/test.ts
FNF:0
FNH:0
DA:3,1
DA:4,1
DA:5,1
DA:13,1
DA:18,1
DA:20,1
LF:6
LH:6
BRF:0
BRH:0
end_of_record
TN:
SF:/Users/kjonnala/Documents/Practice/ang5/ang-map/src/app/app.component.ts
FN:8,(anonymous_1)
FN:3,AppComponent
FNF:2
FNH:2
FNDA:1,(anonymous_1)
FNDA:2,AppComponent
DA:1,1
DA:8,1
DA:9,2
DA:10,1
LF:4
LH:4
BRF:0
BRH:0
end_of_record
TN:
SF:/Users/kjonnala/Documents/Practice/ang5/ang-map/src/app/app.constants.ts
FN:1,(anonymous_0)
FN:5,(anonymous_2)
FNF:2
FNH:1
FNDA:1,(anonymous_0)
FNDA:0,(anonymous_2)
DA:1,1
DA:3,1
DA:4,1
DA:5,1
DA:6,0
DA:9,1
LF:6
LH:5
BRF:0
BRH:0
end_of_record
TN:
SF:/Users/kjonnala/Documents/Practice/ang5/ang-map/src/app/app.reducers.ts
FNF:0
FNH:0
DA:3,1
DA:4,1
DA:6,1
LF:3
LH:3
BRF:0
BRH:0
end_of_record
TN:
SF:/Users/kjonnala/Documents/Practice/ang5/ang-map/src/app/info.service.ts
FN:16,(anonymous_2)
FN:32,InfoService
FN:51,(anonymous_4)
FN:55,(anonymous_5)
FN:59,(anonymous_6)
FN:62,(anonymous_7)
FN:66,(anonymous_8)
FNF:7
FNH:7
FNDA:1,(anonymous_2)
FNDA:20,InfoService
FNDA:16,(anonymous_4)
FNDA:1,(anonymous_5)
FNDA:1,(anonymous_6)
FNDA:3,(anonymous_7)
FNDA:2,(anonymous_8)
DA:1,1
DA:2,1
DA:6,1
DA:8,1
DA:10,1
DA:16,1
DA:17,20
DA:18,20
DA:19,20
DA:20,20
DA:21,20
DA:32,20
DA:34,20
DA:37,20
DA:38,20
DA:39,20
DA:40,20
DA:41,20
DA:42,20
DA:43,20
DA:44,20
DA:45,20
DA:47,20
DA:48,20
DA:51,1
DA:52,16
DA:55,1
DA:56,1
DA:59,1
DA:60,1
DA:62,1
DA:63,3
DA:66,1
DA:67,2
DA:70,1
LF:35
LH:35
BRDA:34,0,0,0
BRDA:34,0,1,20
BRF:2
BRH:1
end_of_record
TN:
SF:/Users/kjonnala/Documents/Practice/ang5/ang-map/src/app/materialModules.ts
FN:60,(anonymous_1)
FNF:1
FNH:1
FNDA:22,(anonymous_1)
DA:1,1
DA:2,1
DA:5,1
DA:7,1
DA:25,1
DA:26,1
DA:60,1
LF:7
LH:7
BRF:0
BRH:0
end_of_record
TN:
SF:/Users/kjonnala/Documents/Practice/ang5/ang-map/src/app/assert/assert-create/assert-create.component.ts
FN:22,(anonymous_2)
FN:59,AssertCreateComponent
FN:64,(anonymous_4)
FN:72,(anonymous_5)
FN:78,(anonymous_6)
FN:79,(anonymous_7)
FN:87,(anonymous_8)
FN:91,(anonymous_9)
FN:95,(anonymous_10)
FN:99,(anonymous_11)
FN:102,(anonymous_12)
FN:121,getStatus
FN:152,(anonymous_14)
FN:159,(anonymous_15)
FN:168,(anonymous_16)
FN:177,(anonymous_17)
FN:193,(anonymous_18)
FN:194,(anonymous_19)
FN:199,(anonymous_20)
FN:224,(anonymous_21)
FN:225,(anonymous_22)
FN:229,(anonymous_23)
FN:238,(anonymous_24)
FN:240,(anonymous_25)
FNF:24
FNH:9
FNDA:1,(anonymous_2)
FNDA:3,AssertCreateComponent
FNDA:3,(anonymous_4)
FNDA:6,(anonymous_5)
FNDA:3,(anonymous_6)
FNDA:0,(anonymous_7)
FNDA:3,(anonymous_8)
FNDA:0,(anonymous_9)
FNDA:0,(anonymous_10)
FNDA:0,(anonymous_11)
FNDA:2,(anonymous_12)
FNDA:0,getStatus
FNDA:0,(anonymous_14)
FNDA:1,(anonymous_15)
FNDA:1,(anonymous_16)
FNDA:0,(anonymous_17)
FNDA:0,(anonymous_18)
FNDA:0,(anonymous_19)
FNDA:0,(anonymous_20)
FNDA:0,(anonymous_21)
FNDA:0,(anonymous_22)
FNDA:0,(anonymous_23)
FNDA:0,(anonymous_24)
FNDA:0,(anonymous_25)
DA:1,1
DA:3,1
DA:5,1
DA:7,1
DA:8,1
DA:9,1
DA:11,1
DA:13,1
DA:22,1
DA:24,3
DA:34,3
DA:35,3
DA:43,3
DA:58,3
DA:59,3
DA:60,3
DA:61,3
DA:64,3
DA:65,3
DA:66,3
DA:67,3
DA:68,0
DA:69,0
DA:71,3
DA:72,6
DA:73,3
DA:74,3
DA:78,3
DA:79,3
DA:80,0
DA:81,0
DA:82,0
DA:87,1
DA:88,3
DA:91,1
DA:92,0
DA:95,1
DA:96,0
DA:99,1
DA:102,1
DA:103,2
DA:119,2
DA:120,2
DA:122,0
DA:123,0
DA:124,0
DA:125,0
DA:126,0
DA:127,0
DA:128,0
DA:129,0
DA:130,0
DA:139,0
DA:140,0
DA:149,0
DA:150,0
DA:151,0
DA:153,0
DA:154,0
DA:159,1
DA:160,1
DA:161,1
DA:162,1
DA:163,1
DA:164,1
DA:165,1
DA:166,1
DA:168,1
DA:169,1
DA:170,1
DA:171,1
DA:172,1
DA:173,1
DA:174,1
DA:177,1
DA:178,0
DA:179,0
DA:180,0
DA:182,0
DA:183,0
DA:184,0
DA:185,0
DA:189,0
DA:193,1
DA:194,0
DA:195,0
DA:199,1
DA:224,1
DA:225,0
DA:226,0
DA:227,0
DA:230,0
DA:234,0
DA:238,1
DA:239,0
DA:240,0
DA:241,0
DA:251,1
LF:98
LH:57
BRDA:67,0,0,0
BRDA:67,0,1,3
BRDA:178,1,0,0
BRDA:178,1,1,0
BRF:4
BRH:1
end_of_record
TN:
SF:/Users/kjonnala/Documents/Practice/ang5/ang-map/src/app/assert/assert-view/assert-view.component.ts
FN:31,(anonymous_2)
FN:61,AssertViewComponent
FN:66,(anonymous_4)
FN:71,(anonymous_5)
FN:77,(anonymous_6)
FN:84,(anonymous_7)
FN:87,(anonymous_8)
FN:89,(anonymous_9)
FN:101,(anonymous_10)
FN:103,(anonymous_11)
FN:133,(anonymous_12)
FN:145,(anonymous_13)
FN:152,(anonymous_14)
FN:223,(anonymous_15)
FN:230,(anonymous_16)
FN:253,(anonymous_17)
FN:259,(anonymous_18)
FN:264,(anonymous_19)
FN:269,(anonymous_20)
FN:283,(anonymous_21)
FN:303,(anonymous_22)
FN:311,(anonymous_23)
FN:318,(anonymous_24)
FN:326,(anonymous_25)
FN:328,(anonymous_26)
FN:343,(anonymous_27)
FN:351,(anonymous_28)
FN:363,(anonymous_29)
FNF:28
FNH:9
FNDA:1,(anonymous_2)
FNDA:1,AssertViewComponent
FNDA:1,(anonymous_4)
FNDA:1,(anonymous_5)
FNDA:2,(anonymous_6)
FNDA:0,(anonymous_7)
FNDA:0,(anonymous_8)
FNDA:0,(anonymous_9)
FNDA:1,(anonymous_10)
FNDA:4,(anonymous_11)
FNDA:1,(anonymous_12)
FNDA:1,(anonymous_13)
FNDA:0,(anonymous_14)
FNDA:0,(anonymous_15)
FNDA:0,(anonymous_16)
FNDA:0,(anonymous_17)
FNDA:0,(anonymous_18)
FNDA:0,(anonymous_19)
FNDA:0,(anonymous_20)
FNDA:0,(anonymous_21)
FNDA:0,(anonymous_22)
FNDA:0,(anonymous_23)
FNDA:0,(anonymous_24)
FNDA:0,(anonymous_25)
FNDA:0,(anonymous_26)
FNDA:0,(anonymous_27)
FNDA:0,(anonymous_28)
FNDA:0,(anonymous_29)
DA:1,1
DA:2,1
DA:3,1
DA:5,1
DA:6,1
DA:7,1
DA:8,1
DA:10,1
DA:11,1
DA:12,1
DA:31,1
DA:33,1
DA:35,1
DA:36,1
DA:37,1
DA:43,1
DA:44,1
DA:59,1
DA:61,1
DA:62,1
DA:63,1
DA:66,1
DA:71,1
DA:72,1
DA:73,0
DA:76,1
DA:77,2
DA:78,1
DA:79,1
DA:80,1
DA:81,1
DA:84,1
DA:85,0
DA:87,1
DA:88,0
DA:89,0
DA:90,0
DA:101,1
DA:103,1
DA:104,4
DA:125,4
DA:129,4
DA:133,1
DA:134,1
DA:145,1
DA:146,1
DA:147,1
DA:148,1
DA:149,1
DA:150,1
DA:152,0
DA:153,0
DA:157,1
DA:223,1
DA:224,0
DA:225,0
DA:230,0
DA:231,0
DA:232,0
DA:233,0
DA:234,0
DA:235,0
DA:237,0
DA:238,0
DA:239,0
DA:240,0
DA:244,0
DA:245,0
DA:246,0
DA:247,0
DA:253,1
DA:254,0
DA:255,0
DA:256,0
DA:259,1
DA:260,0
DA:264,0
DA:265,0
DA:266,0
DA:267,0
DA:268,0
DA:269,0
DA:270,0
DA:271,0
DA:272,0
DA:273,0
DA:274,0
DA:275,0
DA:276,0
DA:277,0
DA:284,0
DA:291,0
DA:292,0
DA:293,0
DA:294,0
DA:295,0
DA:296,0
DA:303,1
DA:311,0
DA:312,0
DA:313,0
DA:314,0
DA:315,0
DA:316,0
DA:319,0
DA:326,1
DA:327,0
DA:328,0
DA:329,0
DA:330,0
DA:331,0
DA:332,0
DA:333,0
DA:334,0
DA:338,0
DA:339,0
DA:340,0
DA:344,0
DA:351,1
DA:352,0
DA:353,0
DA:354,0
DA:355,0
DA:356,0
DA:357,0
DA:359,0
DA:363,1
DA:366,1
LF:128
LH:54
BRDA:72,0,0,0
BRDA:72,0,1,1
BRDA:147,1,0,1
BRDA:147,1,1,0
BRDA:233,2,0,0
BRDA:233,2,1,0
BRDA:234,3,0,0
BRDA:234,3,1,0
BRDA:266,4,0,0
BRDA:266,4,1,0
BRDA:267,5,0,0
BRDA:267,5,1,0
BRDA:268,6,0,0
BRDA:268,6,1,0
BRDA:271,7,0,0
BRDA:271,7,1,0
BRDA:330,8,0,0
BRDA:330,8,1,0
BRDA:356,9,0,0
BRDA:356,9,1,0
BRF:20
BRH:2
end_of_record
TN:
SF:/Users/kjonnala/Documents/Practice/ang5/ang-map/src/app/incident/incident-create/incident-create.component.ts
FN:14,(anonymous_2)
FN:31,IncidentCreateComponent
FN:33,(anonymous_4)
FN:40,(anonymous_5)
FN:44,(anonymous_6)
FN:49,(anonymous_7)
FN:53,(anonymous_8)
FN:57,(anonymous_9)
FN:61,(anonymous_10)
FN:77,getStatus
FN:104,(anonymous_12)
FNF:11
FNH:2
FNDA:1,(anonymous_2)
FNDA:1,IncidentCreateComponent
FNDA:0,(anonymous_4)
FNDA:0,(anonymous_5)
FNDA:0,(anonymous_6)
FNDA:0,(anonymous_7)
FNDA:0,(anonymous_8)
FNDA:0,(anonymous_9)
FNDA:0,(anonymous_10)
FNDA:0,getStatus
FNDA:0,(anonymous_12)
DA:1,1
DA:3,1
DA:6,1
DA:7,1
DA:8,1
DA:14,1
DA:15,1
DA:17,1
DA:26,1
DA:31,1
DA:33,1
DA:34,0
DA:35,0
DA:36,0
DA:37,0
DA:38,0
DA:39,0
DA:40,0
DA:41,0
DA:44,1
DA:45,0
DA:49,1
DA:50,0
DA:53,1
DA:54,0
DA:57,1
DA:58,0
DA:61,1
DA:62,0
DA:72,0
DA:73,0
DA:75,0
DA:78,0
DA:79,0
DA:87,0
DA:88,0
DA:97,0
DA:98,0
DA:99,0
DA:104,1
DA:105,0
DA:106,0
DA:107,0
DA:108,0
DA:109,0
DA:112,0
DA:115,1
LF:47
LH:18
BRF:0
BRH:0
end_of_record
TN:
SF:/Users/kjonnala/Documents/Practice/ang5/ang-map/src/app/incident/incident-view/incident-view.component.ts
FN:15,(anonymous_2)
FN:26,IncidentViewComponent
FN:29,(anonymous_4)
FN:30,(anonymous_5)
FN:36,(anonymous_6)
FN:39,(anonymous_7)
FN:42,(anonymous_8)
FN:44,(anonymous_9)
FN:56,(anonymous_10)
FN:58,(anonymous_11)
FN:88,(anonymous_12)
FN:100,(anonymous_13)
FN:113,(anonymous_14)
FN:116,(anonymous_15)
FN:125,(anonymous_16)
FN:134,(anonymous_17)
FN:143,(anonymous_18)
FN:152,(anonymous_19)
FN:162,(anonymous_20)
FNF:19
FNH:9
FNDA:1,(anonymous_2)
FNDA:1,IncidentViewComponent
FNDA:1,(anonymous_4)
FNDA:2,(anonymous_5)
FNDA:1,(anonymous_6)
FNDA:0,(anonymous_7)
FNDA:0,(anonymous_8)
FNDA:0,(anonymous_9)
FNDA:1,(anonymous_10)
FNDA:9,(anonymous_11)
FNDA:1,(anonymous_12)
FNDA:1,(anonymous_13)
FNDA:0,(anonymous_14)
FNDA:0,(anonymous_15)
FNDA:0,(anonymous_16)
FNDA:0,(anonymous_17)
FNDA:0,(anonymous_18)
FNDA:0,(anonymous_19)
FNDA:0,(anonymous_20)
DA:1,1
DA:3,1
DA:4,1
DA:7,1
DA:15,1
DA:16,1
DA:19,1
DA:20,1
DA:24,1
DA:26,1
DA:29,1
DA:30,2
DA:31,1
DA:33,1
DA:34,1
DA:36,1
DA:37,1
DA:39,1
DA:40,0
DA:42,1
DA:43,0
DA:44,0
DA:45,0
DA:56,1
DA:58,1
DA:59,9
DA:80,9
DA:84,9
DA:88,1
DA:89,1
DA:100,1
DA:101,1
DA:102,1
DA:104,1
DA:105,1
DA:108,1
DA:117,0
DA:118,0
DA:119,0
DA:120,0
DA:121,0
DA:126,0
DA:127,0
DA:128,0
DA:129,0
DA:130,0
DA:135,0
DA:136,0
DA:137,0
DA:138,0
DA:139,0
DA:144,0
DA:145,0
DA:146,0
DA:147,0
DA:148,0
DA:153,0
DA:154,0
DA:155,0
DA:156,0
DA:157,0
DA:162,0
DA:168,1
LF:63
LH:33
BRF:0
BRH:0
end_of_record
TN:
SF:/Users/kjonnala/Documents/Practice/ang5/ang-map/src/app/new-assets/create-assets/create-assets.component.ts
FN:12,(anonymous_2)
FN:44,CreateAssetsComponent
FN:46,(anonymous_4)
FN:52,(anonymous_5)
FN:59,(anonymous_6)
FN:60,(anonymous_7)
FN:67,(anonymous_8)
FN:85,(anonymous_9)
FNF:8
FNH:5
FNDA:1,(anonymous_2)
FNDA:1,CreateAssetsComponent
FNDA:1,(anonymous_4)
FNDA:1,(anonymous_5)
FNDA:1,(anonymous_6)
FNDA:0,(anonymous_7)
FNDA:0,(anonymous_8)
FNDA:0,(anonymous_9)
DA:1,1
DA:2,1
DA:3,1
DA:4,1
DA:6,1
DA:12,1
DA:15,1
DA:16,1
DA:30,1
DA:44,1
DA:46,1
DA:47,1
DA:48,1
DA:49,1
DA:52,1
DA:53,1
DA:59,1
DA:60,1
DA:61,0
DA:62,0
DA:63,0
DA:67,1
DA:68,0
DA:85,1
DA:86,0
DA:87,0
DA:88,0
DA:90,1
LF:28
LH:21
BRF:0
BRH:0
end_of_record
TN:
SF:/Users/kjonnala/Documents/Practice/ang5/ang-map/src/app/new-assets/store/assets.action.ts
FN:6,(anonymous_0)
FN:8,CreateAsset
FNF:2
FNH:1
FNDA:1,(anonymous_0)
FNDA:0,CreateAsset
DA:3,1
DA:6,1
DA:7,0
DA:9,1
LF:4
LH:3
BRF:0
BRH:0
end_of_record
TN:
SF:/Users/kjonnala/Documents/Practice/ang5/ang-map/src/app/new-assets/store/assets.reducers.ts
FN:17,reducer
FNF:1
FNH:1
FNDA:32,reducer
DA:2,1
DA:9,1
DA:17,48
DA:18,32
DA:21,0
DA:23,32
LF:6
LH:5
BRDA:17,0,0,16
BRDA:17,0,1,16
BRDA:19,1,0,0
BRF:3
BRH:2
end_of_record
TN:
SF:/Users/kjonnala/Documents/Practice/ang5/ang-map/src/app/office/office-create/office-create.component.ts
FN:12,(anonymous_2)
FN:23,OfficeCreateComponent
FN:25,(anonymous_4)
FN:30,(anonymous_5)
FN:34,(anonymous_6)
FN:39,(anonymous_7)
FN:43,(anonymous_8)
FN:47,(anonymous_9)
FN:51,(anonymous_10)
FN:55,(anonymous_11)
FN:71,getStatus
FN:98,(anonymous_13)
FNF:12
FNH:2
FNDA:1,(anonymous_2)
FNDA:1,OfficeCreateComponent
FNDA:0,(anonymous_4)
FNDA:0,(anonymous_5)
FNDA:0,(anonymous_6)
FNDA:0,(anonymous_7)
FNDA:0,(anonymous_8)
FNDA:0,(anonymous_9)
FNDA:0,(anonymous_10)
FNDA:0,(anonymous_11)
FNDA:0,getStatus
FNDA:0,(anonymous_13)
DA:1,1
DA:2,1
DA:5,1
DA:12,1
DA:14,1
DA:16,1
DA:23,1
DA:25,1
DA:26,0
DA:27,0
DA:28,0
DA:29,0
DA:30,0
DA:31,0
DA:34,1
DA:35,0
DA:39,1
DA:40,0
DA:43,1
DA:44,0
DA:47,1
DA:48,0
DA:51,1
DA:52,0
DA:55,1
DA:56,0
DA:66,0
DA:67,0
DA:69,0
DA:72,0
DA:73,0
DA:81,0
DA:82,0
DA:91,0
DA:92,0
DA:93,0
DA:98,1
DA:99,0
DA:100,0
DA:101,0
DA:104,1
LF:41
LH:16
BRF:0
BRH:0
end_of_record
TN:
SF:/Users/kjonnala/Documents/Practice/ang5/ang-map/src/app/office/office-view/office-view.component.ts
FN:14,(anonymous_2)
FN:25,OfficeViewComponent
FN:28,(anonymous_4)
FN:29,(anonymous_5)
FN:35,(anonymous_6)
FN:38,(anonymous_7)
FN:41,(anonymous_8)
FN:43,(anonymous_9)
FN:55,(anonymous_10)
FN:57,(anonymous_11)
FN:87,(anonymous_12)
FN:98,(anonymous_13)
FNF:12
FNH:6
FNDA:1,(anonymous_2)
FNDA:1,OfficeViewComponent
FNDA:1,(anonymous_4)
FNDA:2,(anonymous_5)
FNDA:1,(anonymous_6)
FNDA:0,(anonymous_7)
FNDA:0,(anonymous_8)
FNDA:0,(anonymous_9)
FNDA:0,(anonymous_10)
FNDA:0,(anonymous_11)
FNDA:0,(anonymous_12)
FNDA:1,(anonymous_13)
DA:1,1
DA:3,1
DA:4,1
DA:7,1
DA:14,1
DA:15,1
DA:18,1
DA:19,1
DA:23,1
DA:25,1
DA:28,1
DA:29,2
DA:30,1
DA:32,1
DA:33,1
DA:35,1
DA:36,1
DA:38,1
DA:39,0
DA:41,1
DA:42,0
DA:43,0
DA:44,0
DA:55,1
DA:57,0
DA:58,0
DA:79,0
DA:83,0
DA:87,1
DA:88,0
DA:98,1
DA:99,1
DA:132,1
DA:204,1
LF:34
LH:25
BRF:0
BRH:0
end_of_record
TN:
SF:/Users/kjonnala/Documents/Practice/ang5/ang-map/src/app/org/orgcreate/orgcreate.component.ts
FN:25,(anonymous_2)
FN:53,OrgcreateComponent
FN:57,(anonymous_4)
FN:65,(anonymous_5)
FN:69,(anonymous_6)
FN:70,(anonymous_7)
FN:77,(anonymous_8)
FN:80,(anonymous_9)
FN:83,(anonymous_10)
FN:86,(anonymous_11)
FN:103,(anonymous_12)
FN:107,(anonymous_13)
FN:120,(anonymous_14)
FN:126,(anonymous_15)
FN:135,(anonymous_16)
FN:143,(anonymous_17)
FN:158,(anonymous_18)
FN:159,(anonymous_19)
FN:163,(anonymous_20)
FN:165,(anonymous_21)
FN:178,(anonymous_22)
FN:187,(anonymous_23)
FN:188,(anonymous_24)
FN:192,(anonymous_25)
FNF:24
FNH:20
FNDA:1,(anonymous_2)
FNDA:11,OrgcreateComponent
FNDA:11,(anonymous_4)
FNDA:23,(anonymous_5)
FNDA:13,(anonymous_6)
FNDA:0,(anonymous_7)
FNDA:11,(anonymous_8)
FNDA:2,(anonymous_9)
FNDA:2,(anonymous_10)
FNDA:11,(anonymous_11)
FNDA:0,(anonymous_12)
FNDA:2,(anonymous_13)
FNDA:2,(anonymous_14)
FNDA:3,(anonymous_15)
FNDA:1,(anonymous_16)
FNDA:2,(anonymous_17)
FNDA:3,(anonymous_18)
FNDA:3,(anonymous_19)
FNDA:3,(anonymous_20)
FNDA:0,(anonymous_21)
FNDA:3,(anonymous_22)
FNDA:2,(anonymous_23)
FNDA:0,(anonymous_24)
FNDA:2,(anonymous_25)
DA:1,1
DA:3,1
DA:5,1
DA:7,1
DA:8,1
DA:9,1
DA:11,1
DA:13,1
DA:25,1
DA:27,11
DA:37,11
DA:38,11
DA:52,11
DA:53,11
DA:54,11
DA:55,11
DA:57,11
DA:58,11
DA:59,11
DA:60,11
DA:61,0
DA:62,0
DA:64,11
DA:65,23
DA:66,11
DA:69,13
DA:70,13
DA:71,0
DA:72,0
DA:73,0
DA:77,1
DA:78,11
DA:80,1
DA:81,2
DA:83,1
DA:84,2
DA:86,11
DA:87,11
DA:103,11
DA:104,0
DA:107,2
DA:108,2
DA:109,2
DA:110,2
DA:111,2
DA:112,2
DA:113,2
DA:114,2
DA:115,2
DA:116,2
DA:117,2
DA:118,2
DA:119,2
DA:121,2
DA:122,2
DA:126,1
DA:127,3
DA:128,3
DA:129,3
DA:130,3
DA:131,3
DA:132,3
DA:133,3
DA:135,1
DA:136,1
DA:137,1
DA:138,1
DA:139,1
DA:140,1
DA:141,1
DA:143,1
DA:144,2
DA:145,1
DA:146,1
DA:148,1
DA:149,1
DA:150,1
DA:151,1
DA:155,1
DA:158,3
DA:159,3
DA:160,3
DA:163,3
DA:165,3
DA:167,0
DA:168,0
DA:172,0
DA:173,0
DA:174,0
DA:175,0
DA:179,3
DA:183,3
DA:187,2
DA:188,2
DA:189,0
DA:193,2
DA:197,2
DA:200,1
LF:98
LH:85
BRDA:60,0,0,0
BRDA:60,0,1,11
BRDA:144,1,0,1
BRDA:144,1,1,1
BRDA:167,2,0,0
BRDA:167,2,1,0
BRF:6
BRH:3
end_of_record
TN:
SF:/Users/kjonnala/Documents/Practice/ang5/ang-map/src/app/org/orgupdate/orgupdate.component.ts
FN:8,(anonymous_2)
FN:10,OrgupdateComponent
FN:12,(anonymous_4)
FNF:3
FNH:3
FNDA:1,(anonymous_2)
FNDA:1,OrgupdateComponent
FNDA:1,(anonymous_4)
DA:1,1
DA:8,1
DA:12,1
DA:15,1
LF:4
LH:4
BRF:0
BRH:0
end_of_record
TN:
SF:/Users/kjonnala/Documents/Practice/ang5/ang-map/src/app/org/orgview/orgview.component.ts
FN:31,(anonymous_2)
FN:61,OrgviewComponent
FN:66,(anonymous_4)
FN:71,(anonymous_5)
FN:77,(anonymous_6)
FN:85,(anonymous_7)
FN:87,(anonymous_8)
FN:99,(anonymous_9)
FN:101,(anonymous_10)
FN:131,(anonymous_11)
FN:143,(anonymous_12)
FN:150,(anonymous_13)
FN:156,(anonymous_14)
FN:163,(anonymous_15)
FN:186,(anonymous_16)
FN:192,(anonymous_17)
FN:197,(anonymous_18)
FN:202,(anonymous_19)
FN:216,(anonymous_20)
FN:236,(anonymous_21)
FN:244,(anonymous_22)
FN:251,(anonymous_23)
FN:259,(anonymous_24)
FN:261,(anonymous_25)
FN:276,(anonymous_26)
FN:284,(anonymous_27)
FNF:26
FNH:1
FNDA:1,(anonymous_2)
FNDA:0,OrgviewComponent
FNDA:0,(anonymous_4)
FNDA:0,(anonymous_5)
FNDA:0,(anonymous_6)
FNDA:0,(anonymous_7)
FNDA:0,(anonymous_8)
FNDA:0,(anonymous_9)
FNDA:0,(anonymous_10)
FNDA:0,(anonymous_11)
FNDA:0,(anonymous_12)
FNDA:0,(anonymous_13)
FNDA:0,(anonymous_14)
FNDA:0,(anonymous_15)
FNDA:0,(anonymous_16)
FNDA:0,(anonymous_17)
FNDA:0,(anonymous_18)
FNDA:0,(anonymous_19)
FNDA:0,(anonymous_20)
FNDA:0,(anonymous_21)
FNDA:0,(anonymous_22)
FNDA:0,(anonymous_23)
FNDA:0,(anonymous_24)
FNDA:0,(anonymous_25)
FNDA:0,(anonymous_26)
FNDA:0,(anonymous_27)
DA:1,1
DA:2,1
DA:3,1
DA:5,1
DA:6,1
DA:7,1
DA:8,1
DA:10,1
DA:11,1
DA:12,1
DA:31,1
DA:33,0
DA:35,0
DA:36,0
DA:37,0
DA:43,0
DA:44,0
DA:59,1
DA:61,0
DA:62,0
DA:63,0
DA:66,1
DA:71,1
DA:72,0
DA:73,0
DA:74,0
DA:76,0
DA:77,0
DA:78,0
DA:79,0
DA:80,0
DA:81,0
DA:85,1
DA:86,0
DA:87,0
DA:88,0
DA:99,1
DA:101,0
DA:102,0
DA:123,0
DA:127,0
DA:131,1
DA:132,0
DA:143,1
DA:144,0
DA:145,0
DA:146,0
DA:147,0
DA:148,0
DA:150,0
DA:151,0
DA:156,1
DA:157,0
DA:158,0
DA:163,0
DA:164,0
DA:165,0
DA:166,0
DA:167,0
DA:168,0
DA:170,0
DA:171,0
DA:172,0
DA:173,0
DA:177,0
DA:178,0
DA:179,0
DA:180,0
DA:186,1
DA:187,0
DA:188,0
DA:189,0
DA:192,1
DA:193,0
DA:197,0
DA:198,0
DA:199,0
DA:200,0
DA:201,0
DA:202,0
DA:203,0
DA:204,0
DA:205,0
DA:206,0
DA:207,0
DA:208,0
DA:209,0
DA:210,0
DA:217,0
DA:224,0
DA:225,0
DA:226,0
DA:227,0
DA:228,0
DA:229,0
DA:236,1
DA:244,0
DA:245,0
DA:246,0
DA:247,0
DA:248,0
DA:249,0
DA:252,0
DA:259,1
DA:260,0
DA:261,0
DA:262,0
DA:263,0
DA:264,0
DA:265,0
DA:266,0
DA:267,0
DA:271,0
DA:272,0
DA:273,0
DA:277,0
DA:284,1
DA:285,0
DA:286,0
DA:287,0
DA:288,0
DA:289,0
DA:290,0
DA:292,0
DA:295,1
LF:125
LH:25
BRDA:72,0,0,0
BRDA:72,0,1,0
BRDA:145,1,0,0
BRDA:145,1,1,0
BRDA:166,2,0,0
BRDA:166,2,1,0
BRDA:167,3,0,0
BRDA:167,3,1,0
BRDA:199,4,0,0
BRDA:199,4,1,0
BRDA:200,5,0,0
BRDA:200,5,1,0
BRDA:201,6,0,0
BRDA:201,6,1,0
BRDA:204,7,0,0
BRDA:204,7,1,0
BRDA:263,8,0,0
BRDA:263,8,1,0
BRDA:289,9,0,0
BRDA:289,9,1,0
BRF:20
BRH:0
end_of_record
TN:
SF:/Users/kjonnala/Documents/Practice/ang5/ang-map/src/app/org/store/org.actions.ts
FN:7,(anonymous_0)
FN:13,(anonymous_2)
FN:16,GetAllOrganizationsSuccess
FN:35,(anonymous_4)
FN:38,AddOrganization
FN:42,(anonymous_6)
FN:45,AddOrganizationSuccess
FN:49,(anonymous_8)
FN:52,AddOrganizationError
FN:59,(anonymous_10)
FN:62,RemoveOrganization
FN:66,(anonymous_12)
FN:69,RemoveGameSuccess
FN:73,(anonymous_14)
FN:76,RemoveGameError
FNF:15
FNH:8
FNDA:1,(anonymous_0)
FNDA:1,(anonymous_2)
FNDA:0,GetAllOrganizationsSuccess
FNDA:1,(anonymous_4)
FNDA:0,AddOrganization
FNDA:1,(anonymous_6)
FNDA:0,AddOrganizationSuccess
FNDA:1,(anonymous_8)
FNDA:0,AddOrganizationError
FNDA:1,(anonymous_10)
FNDA:0,RemoveOrganization
FNDA:1,(anonymous_12)
FNDA:0,RemoveGameSuccess
FNDA:1,(anonymous_14)
FNDA:0,RemoveGameError
DA:4,1
DA:7,1
DA:8,0
DA:9,1
DA:11,1
DA:13,1
DA:14,0
DA:16,0
DA:18,1
DA:21,1
DA:22,1
DA:23,1
DA:27,1
DA:28,1
DA:29,1
DA:35,1
DA:36,0
DA:38,0
DA:40,1
DA:42,1
DA:43,0
DA:45,0
DA:47,1
DA:49,1
DA:50,0
DA:52,0
DA:54,1
DA:59,1
DA:60,0
DA:62,0
DA:64,1
DA:66,1
DA:67,0
DA:69,0
DA:71,1
DA:73,1
DA:74,0
DA:76,0
DA:78,1
LF:39
LH:24
BRF:0
BRH:0
end_of_record
TN:
SF:/Users/kjonnala/Documents/Practice/ang5/ang-map/src/app/org/store/org.reducers.ts
FN:26,orgReducer
FN:67,(anonymous_2)
FN:81,(anonymous_3)
FNF:3
FNH:1
FNDA:32,orgReducer
FNDA:0,(anonymous_2)
FNDA:0,(anonymous_3)
DA:1,1
DA:2,1
DA:12,1
DA:26,64
DA:27,32
DA:29,0
DA:33,0
DA:42,0
DA:47,0
DA:52,0
DA:55,0
DA:62,0
DA:67,0
DA:68,0
DA:69,0
DA:80,1
DA:81,1
LF:17
LH:7
BRDA:26,0,0,32
BRDA:26,0,1,0
BRDA:28,1,0,0
BRDA:28,1,1,0
BRDA:28,1,2,0
BRDA:28,1,3,0
BRDA:28,1,4,0
BRDA:28,1,5,0
BRF:8
BRH:1
end_of_record
TN:
SF:/Users/kjonnala/Documents/Practice/ang5/ang-map/src/app/popup/popup.component.ts
FN:9,(anonymous_4)
FN:11,PopupComponent
FN:18,(anonymous_6)
FNF:3
FNH:3
FNDA:1,(anonymous_4)
FNDA:7,PopupComponent
FNDA:5,(anonymous_6)
DA:1,1
DA:2,1
DA:9,1
DA:11,7
DA:12,7
DA:13,7
DA:14,7
DA:18,1
DA:21,1
LF:9
LH:9
BRDA:13,0,0,7
BRDA:13,0,1,0
BRF:2
BRH:1
end_of_record
TN:
SF:/Users/kjonnala/Documents/Practice/ang5/ang-map/src/app/popup/overlay-delete/overlay-delete.component.ts
FN:8,(anonymous_2)
FN:10,OverlayDeleteComponent
FN:12,(anonymous_4)
FNF:3
FNH:3
FNDA:1,(anonymous_2)
FNDA:1,OverlayDeleteComponent
FNDA:1,(anonymous_4)
DA:1,1
DA:8,1
DA:12,1
DA:15,1
LF:4
LH:4
BRF:0
BRH:0
end_of_record
TN:
SF:/Users/kjonnala/Documents/Practice/ang5/ang-map/src/app/popup/overlay-update-org/overlay-update-org.component.ts
FN:9,(anonymous_4)
FN:11,OverlayUpdateOrgComponent
FN:13,(anonymous_6)
FNF:3
FNH:1
FNDA:1,(anonymous_4)
FNDA:0,OverlayUpdateOrgComponent
FNDA:0,(anonymous_6)
DA:1,1
DA:2,1
DA:9,1
DA:11,0
DA:13,1
DA:14,0
DA:15,0
DA:16,0
DA:17,0
DA:18,0
DA:19,0
DA:20,0
DA:21,0
DA:22,0
DA:23,0
DA:27,1
LF:16
LH:5
BRDA:15,0,0,0
BRDA:15,0,1,0
BRF:2
BRH:0
end_of_record
TN:
SF:/Users/kjonnala/Documents/Practice/ang5/ang-map/src/app/resource/resource-create/resource-create.component.ts
FN:8,(anonymous_2)
FN:10,ResourceCreateComponent
FN:12,(anonymous_4)
FNF:3
FNH:3
FNDA:1,(anonymous_2)
FNDA:1,ResourceCreateComponent
FNDA:1,(anonymous_4)
DA:1,1
DA:8,1
DA:12,1
DA:15,1
LF:4
LH:4
BRF:0
BRH:0
end_of_record
TN:
SF:/Users/kjonnala/Documents/Practice/ang5/ang-map/src/app/resource/resource-view/resource-view.component.ts
FN:8,(anonymous_2)
FN:10,ResourceViewComponent
FN:12,(anonymous_4)
FNF:3
FNH:3
FNDA:1,(anonymous_2)
FNDA:1,ResourceViewComponent
FNDA:1,(anonymous_4)
DA:1,1
DA:8,1
DA:12,1
DA:15,1
LF:4
LH:4
BRF:0
BRH:0
end_of_record
TN:
SF:/Users/kjonnala/Documents/Practice/ang5/ang-map/src/app/services/organization.service.ts
FN:10,(anonymous_2)
FN:12,OrganizationService
FN:14,(anonymous_4)
FN:19,(anonymous_5)
FN:23,(anonymous_6)
FN:28,(anonymous_7)
FN:33,(anonymous_8)
FNF:7
FNH:4
FNDA:1,(anonymous_2)
FNDA:16,OrganizationService
FNDA:2,(anonymous_4)
FNDA:0,(anonymous_5)
FNDA:3,(anonymous_6)
FNDA:0,(anonymous_7)
FNDA:0,(anonymous_8)
DA:1,1
DA:2,1
DA:3,1
DA:10,1
DA:12,16
DA:14,1
DA:15,2
DA:16,2
DA:19,1
DA:20,0
DA:23,1
DA:24,3
DA:25,3
DA:28,1
DA:29,0
DA:30,0
DA:33,1
DA:34,0
DA:37,1
LF:19
LH:15
BRF:0
BRH:0
end_of_record
TN:
SF:/Users/kjonnala/Documents/Practice/ang5/ang-map/src/app/services/rest.service.ts
FN:8,(anonymous_2)
FN:10,RestService
FN:12,(anonymous_4)
FN:16,(anonymous_5)
FN:20,(anonymous_6)
FN:24,(anonymous_7)
FN:28,(anonymous_8)
FNF:7
FNH:4
FNDA:1,(anonymous_2)
FNDA:17,RestService
FNDA:2,(anonymous_4)
FNDA:0,(anonymous_5)
FNDA:3,(anonymous_6)
FNDA:0,(anonymous_7)
FNDA:0,(anonymous_8)
DA:1,1
DA:2,1
DA:8,1
DA:10,17
DA:12,1
DA:13,2
DA:16,1
DA:17,0
DA:20,1
DA:21,3
DA:24,1
DA:25,0
DA:28,1
DA:29,0
DA:31,1
LF:15
LH:12
BRF:0
BRH:0
end_of_record
TN:
SF:/Users/kjonnala/Documents/Practice/ang5/ang-map/src/app/services/assets/assets.service.ts
FN:6,(anonymous_2)
FN:8,AssetsService
FN:10,(anonymous_4)
FNF:3
FNH:2
FNDA:1,(anonymous_2)
FNDA:1,AssetsService
FNDA:0,(anonymous_4)
DA:1,1
DA:2,1
DA:6,1
DA:10,1
DA:11,0
DA:13,1
LF:6
LH:5
BRF:0
BRH:0
end_of_record
TN:
SF:/Users/kjonnala/Documents/Practice/ang5/ang-map/src/app/shelter/shelter-create/shelter-create.component.ts
FN:8,(anonymous_2)
FN:10,ShelterCreateComponent
FN:12,(anonymous_4)
FNF:3
FNH:3
FNDA:1,(anonymous_2)
FNDA:1,ShelterCreateComponent
FNDA:1,(anonymous_4)
DA:1,1
DA:8,1
DA:12,1
DA:15,1
LF:4
LH:4
BRF:0
BRH:0
end_of_record
TN:
SF:/Users/kjonnala/Documents/Practice/ang5/ang-map/src/app/shelter/shelter-view/shelter-view.component.ts
FN:8,(anonymous_2)
FN:10,ShelterViewComponent
FN:12,(anonymous_4)
FNF:3
FNH:3
FNDA:1,(anonymous_2)
FNDA:1,ShelterViewComponent
FNDA:1,(anonymous_4)
DA:1,1
DA:8,1
DA:12,1
DA:15,1
LF:4
LH:4
BRF:0
BRH:0
end_of_record
TN:
SF:/Users/kjonnala/Documents/Practice/ang5/ang-map/src/app/test-rxjs/test-rxjs.component.ts
FN:8,(anonymous_2)
FN:10,TestRxjsComponent
FN:12,(anonymous_4)
FNF:3
FNH:3
FNDA:1,(anonymous_2)
FNDA:1,TestRxjsComponent
FNDA:1,(anonymous_4)
DA:1,1
DA:8,1
DA:12,1
DA:15,1
LF:4
LH:4
BRF:0
BRH:0
end_of_record
TN:
SF:/Users/kjonnala/Documents/Practice/ang5/ang-map/src/environments/environment.ts
FNF:0
FNH:0
DA:5,1
LF:1
LH:1
BRF:0
BRH:0
end_of_record
TN:
SF:/Users/kjonnala/Documents/Practice/ang5/ang-map/src/mock/mockservicedata.ts
FNF:0
FNH:0
DA:1,1
LF:1
LH:1
BRF:0
BRH:0
end_of_record
